<?xml version="1.0" encoding="UTF-8"?>
<testng-results ignored="0" total="1" passed="1" failed="0" skipped="0">
  <reporter-output>
  </reporter-output>
  <suite started-at="2024-05-03T03:02:48Z" name="Default suite" finished-at="2024-05-03T03:02:50Z" duration-ms="1528">
    <groups>
    </groups>
    <test started-at="2024-05-03T03:02:48Z" name="Default test" finished-at="2024-05-03T03:02:50Z" duration-ms="1528">
      <class name="pruebas.Laboratorio4_E1">
        <test-method is-config="true" signature="setUp()[pri:0, instance:pruebas.Laboratorio4_E1@f99f5e0]" started-at="2024-05-03T00:02:38Z" name="setUp" finished-at="2024-05-03T00:02:48Z" duration-ms="9890" status="PASS">
          <reporter-output>
          </reporter-output>
        </test-method> <!-- setUp -->
        <test-method signature="irRegistroLogin()[pri:0, instance:pruebas.Laboratorio4_E1@f99f5e0]" started-at="2024-05-03T00:02:48Z" name="irRegistroLogin" finished-at="2024-05-03T00:02:50Z" duration-ms="1476" status="PASS">
          <reporter-output>
          </reporter-output>
        </test-method> <!-- irRegistroLogin -->
        <test-method is-config="true" signature="cierreNavegador()[pri:0, instance:pruebas.Laboratorio4_E1@f99f5e0]" started-at="2024-05-03T00:02:50Z" name="cierreNavegador" finished-at="2024-05-03T00:02:50Z" duration-ms="159" status="PASS">
          <reporter-output>
          </reporter-output>
        </test-method> <!-- cierreNavegador -->
      </class> <!-- pruebas.Laboratorio4_E1 -->
    </test> <!-- Default test -->
  </suite> <!-- Default suite -->
</testng-results>
